{"D:\\PROGRAMMING\\My Projects\\cv-builder\\src\\App.jsx": {"path":"D:\\PROGRAMMING\\My Projects\\cv-builder\\src\\App.jsx","statementMap":{"0":{"start":{"line":9,"column":2},"end":{"line":28,"column":4}}},"fnMap":{"0":{"name":"App","decl":{"start":{"line":8,"column":9},"end":{"line":8,"column":12}},"loc":{"start":{"line":8,"column":15},"end":{"line":29,"column":1}},"line":8}},"branchMap":{},"s":{"0":3},"f":{"0":3},"b":{},"_coverageSchema":"1a1c01bbd47fc00a2c39e90264f33305004495a9","hash":"024b8d022297e1048f830fbc501107e35360ad00"}
,"D:\\PROGRAMMING\\My Projects\\cv-builder\\src\\NotFoundPage.jsx": {"path":"D:\\PROGRAMMING\\My Projects\\cv-builder\\src\\NotFoundPage.jsx","statementMap":{"0":{"start":{"line":3,"column":21},"end":{"line":12,"column":1}},"1":{"start":{"line":4,"column":2},"end":{"line":11,"column":4}}},"fnMap":{"0":{"name":"(anonymous_0)","decl":{"start":{"line":3,"column":21},"end":{"line":3,"column":22}},"loc":{"start":{"line":3,"column":27},"end":{"line":12,"column":1}},"line":3}},"branchMap":{},"s":{"0":1,"1":2},"f":{"0":2},"b":{},"_coverageSchema":"1a1c01bbd47fc00a2c39e90264f33305004495a9","hash":"dd17f7150630a9c8c55b1c06840d6187a229432e"}
,"D:\\PROGRAMMING\\My Projects\\cv-builder\\src\\components\\EditorContainer.jsx": {"path":"D:\\PROGRAMMING\\My Projects\\cv-builder\\src\\components\\EditorContainer.jsx","statementMap":{"0":{"start":{"line":7,"column":24},"end":{"line":45,"column":1}},"1":{"start":{"line":8,"column":46},"end":{"line":8,"column":71}},"2":{"start":{"line":9,"column":44},"end":{"line":9,"column":56}},"3":{"start":{"line":10,"column":40},"end":{"line":10,"column":55}},"4":{"start":{"line":12,"column":23},"end":{"line":14,"column":3}},"5":{"start":{"line":13,"column":4},"end":{"line":13,"column":33}},"6":{"start":{"line":16,"column":25},"end":{"line":18,"column":3}},"7":{"start":{"line":17,"column":4},"end":{"line":17,"column":60}},"8":{"start":{"line":17,"column":34},"end":{"line":17,"column":58}},"9":{"start":{"line":19,"column":28},"end":{"line":25,"column":3}},"10":{"start":{"line":20,"column":4},"end":{"line":24,"column":7}},"11":{"start":{"line":21,"column":21},"end":{"line":21,"column":35}},"12":{"start":{"line":22,"column":6},"end":{"line":22,"column":29}},"13":{"start":{"line":23,"column":6},"end":{"line":23,"column":20}},"14":{"start":{"line":27,"column":2},"end":{"line":44,"column":4}}},"fnMap":{"0":{"name":"(anonymous_0)","decl":{"start":{"line":7,"column":24},"end":{"line":7,"column":25}},"loc":{"start":{"line":7,"column":30},"end":{"line":45,"column":1}},"line":7},"1":{"name":"(anonymous_1)","decl":{"start":{"line":12,"column":23},"end":{"line":12,"column":24}},"loc":{"start":{"line":12,"column":29},"end":{"line":14,"column":3}},"line":12},"2":{"name":"(anonymous_2)","decl":{"start":{"line":16,"column":25},"end":{"line":16,"column":26}},"loc":{"start":{"line":16,"column":37},"end":{"line":18,"column":3}},"line":16},"3":{"name":"(anonymous_3)","decl":{"start":{"line":17,"column":21},"end":{"line":17,"column":22}},"loc":{"start":{"line":17,"column":34},"end":{"line":17,"column":58}},"line":17},"4":{"name":"(anonymous_4)","decl":{"start":{"line":19,"column":28},"end":{"line":19,"column":29}},"loc":{"start":{"line":19,"column":47},"end":{"line":25,"column":3}},"line":19},"5":{"name":"(anonymous_5)","decl":{"start":{"line":20,"column":21},"end":{"line":20,"column":22}},"loc":{"start":{"line":20,"column":34},"end":{"line":24,"column":5}},"line":20}},"branchMap":{"0":{"loc":{"start":{"line":42,"column":7},"end":{"line":42,"column":65}},"type":"cond-expr","locations":[{"start":{"line":42,"column":21},"end":{"line":42,"column":58}},{"start":{"line":42,"column":61},"end":{"line":42,"column":65}}],"line":42}},"s":{"0":2,"1":1,"2":1,"3":1,"4":1,"5":0,"6":1,"7":0,"8":0,"9":1,"10":0,"11":0,"12":0,"13":0,"14":1},"f":{"0":1,"1":0,"2":0,"3":0,"4":0,"5":0},"b":{"0":[0,1]},"_coverageSchema":"1a1c01bbd47fc00a2c39e90264f33305004495a9","hash":"fe26fd6be44e066be1edcabb17f17eda89a7ebe4"}
,"D:\\PROGRAMMING\\My Projects\\cv-builder\\src\\components\\SectionItem.jsx": {"path":"D:\\PROGRAMMING\\My Projects\\cv-builder\\src\\components\\SectionItem.jsx","statementMap":{"0":{"start":{"line":3,"column":20},"end":{"line":13,"column":1}},"1":{"start":{"line":4,"column":23},"end":{"line":6,"column":3}},"2":{"start":{"line":5,"column":4},"end":{"line":5,"column":28}},"3":{"start":{"line":8,"column":2},"end":{"line":12,"column":4}}},"fnMap":{"0":{"name":"(anonymous_0)","decl":{"start":{"line":3,"column":20},"end":{"line":3,"column":21}},"loc":{"start":{"line":3,"column":53},"end":{"line":13,"column":1}},"line":3},"1":{"name":"(anonymous_1)","decl":{"start":{"line":4,"column":23},"end":{"line":4,"column":24}},"loc":{"start":{"line":4,"column":29},"end":{"line":6,"column":3}},"line":4}},"branchMap":{},"s":{"0":2,"1":4,"2":0,"3":4},"f":{"0":4,"1":0},"b":{},"_coverageSchema":"1a1c01bbd47fc00a2c39e90264f33305004495a9","hash":"ee8fd5b183a699c649fffb869490cb794bffbed3"}
,"D:\\PROGRAMMING\\My Projects\\cv-builder\\src\\components\\SectionSelector.jsx": {"path":"D:\\PROGRAMMING\\My Projects\\cv-builder\\src\\components\\SectionSelector.jsx","statementMap":{"0":{"start":{"line":3,"column":21},"end":{"line":3,"column":70}},"1":{"start":{"line":5,"column":24},"end":{"line":25,"column":1}},"2":{"start":{"line":6,"column":2},"end":{"line":24,"column":4}},"3":{"start":{"line":13,"column":12},"end":{"line":19,"column":14}}},"fnMap":{"0":{"name":"(anonymous_0)","decl":{"start":{"line":5,"column":24},"end":{"line":5,"column":25}},"loc":{"start":{"line":5,"column":49},"end":{"line":25,"column":1}},"line":5},"1":{"name":"(anonymous_1)","decl":{"start":{"line":12,"column":28},"end":{"line":12,"column":29}},"loc":{"start":{"line":12,"column":39},"end":{"line":20,"column":11}},"line":12}},"branchMap":{},"s":{"0":2,"1":2,"2":1,"3":4},"f":{"0":1,"1":4},"b":{},"_coverageSchema":"1a1c01bbd47fc00a2c39e90264f33305004495a9","hash":"86bb258000b30522cbd9449e59398ab3078c1550"}
,"D:\\PROGRAMMING\\My Projects\\cv-builder\\src\\components\\CVSettings\\CVSettings.jsx": {"path":"D:\\PROGRAMMING\\My Projects\\cv-builder\\src\\components\\CVSettings\\CVSettings.jsx","statementMap":{"0":{"start":{"line":3,"column":19},"end":{"line":66,"column":1}},"1":{"start":{"line":4,"column":27},"end":{"line":6,"column":3}},"2":{"start":{"line":5,"column":12},"end":{"line":5,"column":48}},"3":{"start":{"line":7,"column":22},"end":{"line":9,"column":3}},"4":{"start":{"line":8,"column":12},"end":{"line":8,"column":42}},"5":{"start":{"line":10,"column":25},"end":{"line":12,"column":3}},"6":{"start":{"line":11,"column":12},"end":{"line":11,"column":44}},"7":{"start":{"line":13,"column":20},"end":{"line":13,"column":77}},"8":{"start":{"line":13,"column":49},"end":{"line":13,"column":76}},"9":{"start":{"line":15,"column":2},"end":{"line":65,"column":4}},"10":{"start":{"line":37,"column":16},"end":{"line":41,"column":18}},"11":{"start":{"line":51,"column":16},"end":{"line":55,"column":18}}},"fnMap":{"0":{"name":"(anonymous_0)","decl":{"start":{"line":3,"column":19},"end":{"line":3,"column":20}},"loc":{"start":{"line":3,"column":59},"end":{"line":66,"column":1}},"line":3},"1":{"name":"(anonymous_1)","decl":{"start":{"line":5,"column":4},"end":{"line":5,"column":5}},"loc":{"start":{"line":5,"column":12},"end":{"line":5,"column":48}},"line":5},"2":{"name":"(anonymous_2)","decl":{"start":{"line":8,"column":4},"end":{"line":8,"column":5}},"loc":{"start":{"line":8,"column":12},"end":{"line":8,"column":42}},"line":8},"3":{"name":"(anonymous_3)","decl":{"start":{"line":11,"column":4},"end":{"line":11,"column":5}},"loc":{"start":{"line":11,"column":12},"end":{"line":11,"column":44}},"line":11},"4":{"name":"(anonymous_4)","decl":{"start":{"line":13,"column":41},"end":{"line":13,"column":42}},"loc":{"start":{"line":13,"column":49},"end":{"line":13,"column":76}},"line":13},"5":{"name":"(anonymous_5)","decl":{"start":{"line":36,"column":34},"end":{"line":36,"column":35}},"loc":{"start":{"line":36,"column":42},"end":{"line":42,"column":15}},"line":36},"6":{"name":"(anonymous_6)","decl":{"start":{"line":50,"column":29},"end":{"line":50,"column":30}},"loc":{"start":{"line":50,"column":37},"end":{"line":56,"column":15}},"line":50}},"branchMap":{"0":{"loc":{"start":{"line":20,"column":9},"end":{"line":26,"column":16}},"type":"cond-expr","locations":[{"start":{"line":21,"column":10},"end":{"line":25,"column":15}},{"start":{"line":26,"column":12},"end":{"line":26,"column":16}}],"line":20},"1":{"loc":{"start":{"line":27,"column":9},"end":{"line":31,"column":16}},"type":"cond-expr","locations":[{"start":{"line":28,"column":10},"end":{"line":30,"column":15}},{"start":{"line":31,"column":12},"end":{"line":31,"column":16}}],"line":27},"2":{"loc":{"start":{"line":32,"column":9},"end":{"line":45,"column":9}},"type":"cond-expr","locations":[{"start":{"line":32,"column":39},"end":{"line":32,"column":43}},{"start":{"line":33,"column":10},"end":{"line":44,"column":15}}],"line":32},"3":{"loc":{"start":{"line":46,"column":9},"end":{"line":59,"column":9}},"type":"cond-expr","locations":[{"start":{"line":46,"column":34},"end":{"line":46,"column":38}},{"start":{"line":47,"column":10},"end":{"line":58,"column":15}}],"line":46}},"s":{"0":2,"1":1,"2":0,"3":1,"4":0,"5":1,"6":0,"7":1,"8":0,"9":1,"10":0,"11":0},"f":{"0":1,"1":0,"2":0,"3":0,"4":0,"5":0,"6":0},"b":{"0":[0,1],"1":[0,1],"2":[1,0],"3":[1,0]},"_coverageSchema":"1a1c01bbd47fc00a2c39e90264f33305004495a9","hash":"bb36a04ec755335b8d0bb3a7d4dbcb73dece523f"}
,"D:\\PROGRAMMING\\My Projects\\cv-builder\\src\\components\\Forms\\EditForm.jsx": {"path":"D:\\PROGRAMMING\\My Projects\\cv-builder\\src\\components\\Forms\\EditForm.jsx","statementMap":{"0":{"start":{"line":9,"column":17},"end":{"line":45,"column":1}},"1":{"start":{"line":10,"column":21},"end":{"line":10,"column":32}},"2":{"start":{"line":11,"column":43},"end":{"line":11,"column":61}},"3":{"start":{"line":13,"column":18},"end":{"line":13,"column":69}},"4":{"start":{"line":13,"column":50},"end":{"line":13,"column":68}},"5":{"start":{"line":14,"column":21},"end":{"line":14,"column":67}},"6":{"start":{"line":14,"column":48},"end":{"line":14,"column":66}},"7":{"start":{"line":16,"column":22},"end":{"line":18,"column":4}},"8":{"start":{"line":20,"column":24},"end":{"line":23,"column":3}},"9":{"start":{"line":21,"column":26},"end":{"line":21,"column":58}},"10":{"start":{"line":22,"column":4},"end":{"line":22,"column":42}},"11":{"start":{"line":25,"column":2},"end":{"line":29,"column":32}},"12":{"start":{"line":26,"column":4},"end":{"line":28,"column":5}},"13":{"start":{"line":27,"column":6},"end":{"line":27,"column":49}},"14":{"start":{"line":31,"column":2},"end":{"line":44,"column":4}}},"fnMap":{"0":{"name":"(anonymous_0)","decl":{"start":{"line":9,"column":17},"end":{"line":9,"column":18}},"loc":{"start":{"line":9,"column":23},"end":{"line":45,"column":1}},"line":9},"1":{"name":"(anonymous_1)","decl":{"start":{"line":13,"column":42},"end":{"line":13,"column":43}},"loc":{"start":{"line":13,"column":50},"end":{"line":13,"column":68}},"line":13},"2":{"name":"(anonymous_2)","decl":{"start":{"line":14,"column":40},"end":{"line":14,"column":41}},"loc":{"start":{"line":14,"column":48},"end":{"line":14,"column":66}},"line":14},"3":{"name":"(anonymous_3)","decl":{"start":{"line":20,"column":24},"end":{"line":20,"column":25}},"loc":{"start":{"line":20,"column":38},"end":{"line":23,"column":3}},"line":20},"4":{"name":"(anonymous_4)","decl":{"start":{"line":25,"column":12},"end":{"line":25,"column":13}},"loc":{"start":{"line":25,"column":18},"end":{"line":29,"column":3}},"line":25}},"branchMap":{"0":{"loc":{"start":{"line":36,"column":11},"end":{"line":36,"column":79}},"type":"cond-expr","locations":[{"start":{"line":36,"column":56},"end":{"line":36,"column":72}},{"start":{"line":36,"column":75},"end":{"line":36,"column":79}}],"line":36},"1":{"loc":{"start":{"line":37,"column":11},"end":{"line":37,"column":68}},"type":"cond-expr","locations":[{"start":{"line":37,"column":50},"end":{"line":37,"column":61}},{"start":{"line":37,"column":64},"end":{"line":37,"column":68}}],"line":37},"2":{"loc":{"start":{"line":38,"column":11},"end":{"line":38,"column":72}},"type":"cond-expr","locations":[{"start":{"line":38,"column":52},"end":{"line":38,"column":65}},{"start":{"line":38,"column":68},"end":{"line":38,"column":72}}],"line":38},"3":{"loc":{"start":{"line":39,"column":11},"end":{"line":39,"column":62}},"type":"cond-expr","locations":[{"start":{"line":39,"column":47},"end":{"line":39,"column":55}},{"start":{"line":39,"column":58},"end":{"line":39,"column":62}}],"line":39}},"s":{"0":1,"1":0,"2":0,"3":0,"4":0,"5":0,"6":0,"7":0,"8":0,"9":0,"10":0,"11":0,"12":0,"13":0,"14":0},"f":{"0":0,"1":0,"2":0,"3":0,"4":0},"b":{"0":[0,0],"1":[0,0],"2":[0,0],"3":[0,0]},"_coverageSchema":"1a1c01bbd47fc00a2c39e90264f33305004495a9","hash":"d58450c538dd31f26b2b0cac5b656bf05dd73fc1"}
,"D:\\PROGRAMMING\\My Projects\\cv-builder\\src\\components\\Forms\\Education.jsx": {"path":"D:\\PROGRAMMING\\My Projects\\cv-builder\\src\\components\\Forms\\Education.jsx","statementMap":{"0":{"start":{"line":3,"column":18},"end":{"line":23,"column":1}},"1":{"start":{"line":4,"column":2},"end":{"line":22,"column":4}}},"fnMap":{"0":{"name":"(anonymous_0)","decl":{"start":{"line":3,"column":18},"end":{"line":3,"column":19}},"loc":{"start":{"line":3,"column":24},"end":{"line":23,"column":1}},"line":3}},"branchMap":{},"s":{"0":1,"1":0},"f":{"0":0},"b":{},"_coverageSchema":"1a1c01bbd47fc00a2c39e90264f33305004495a9","hash":"de3fa12fff7049e964c0bfbe8ba8805aada685d2"}
,"D:\\PROGRAMMING\\My Projects\\cv-builder\\src\\components\\Forms\\Form.jsx": {"path":"D:\\PROGRAMMING\\My Projects\\cv-builder\\src\\components\\Forms\\Form.jsx","statementMap":{"0":{"start":{"line":8,"column":13},"end":{"line":37,"column":1}},"1":{"start":{"line":9,"column":22},"end":{"line":9,"column":57}},"2":{"start":{"line":10,"column":41},"end":{"line":10,"column":59}},"3":{"start":{"line":12,"column":24},"end":{"line":22,"column":3}},"4":{"start":{"line":13,"column":21},"end":{"line":19,"column":5}},"5":{"start":{"line":20,"column":4},"end":{"line":20,"column":25}},"6":{"start":{"line":21,"column":4},"end":{"line":21,"column":24}},"7":{"start":{"line":23,"column":2},"end":{"line":36,"column":4}}},"fnMap":{"0":{"name":"(anonymous_0)","decl":{"start":{"line":8,"column":13},"end":{"line":8,"column":14}},"loc":{"start":{"line":8,"column":19},"end":{"line":37,"column":1}},"line":8},"1":{"name":"(anonymous_1)","decl":{"start":{"line":12,"column":24},"end":{"line":12,"column":25}},"loc":{"start":{"line":12,"column":38},"end":{"line":22,"column":3}},"line":12}},"branchMap":{"0":{"loc":{"start":{"line":28,"column":11},"end":{"line":28,"column":71}},"type":"cond-expr","locations":[{"start":{"line":28,"column":48},"end":{"line":28,"column":64}},{"start":{"line":28,"column":67},"end":{"line":28,"column":71}}],"line":28},"1":{"loc":{"start":{"line":29,"column":11},"end":{"line":29,"column":60}},"type":"cond-expr","locations":[{"start":{"line":29,"column":42},"end":{"line":29,"column":53}},{"start":{"line":29,"column":56},"end":{"line":29,"column":60}}],"line":29},"2":{"loc":{"start":{"line":30,"column":11},"end":{"line":30,"column":64}},"type":"cond-expr","locations":[{"start":{"line":30,"column":44},"end":{"line":30,"column":57}},{"start":{"line":30,"column":60},"end":{"line":30,"column":64}}],"line":30},"3":{"loc":{"start":{"line":31,"column":11},"end":{"line":31,"column":54}},"type":"cond-expr","locations":[{"start":{"line":31,"column":39},"end":{"line":31,"column":47}},{"start":{"line":31,"column":50},"end":{"line":31,"column":54}}],"line":31}},"s":{"0":1,"1":1,"2":1,"3":1,"4":0,"5":0,"6":0,"7":1},"f":{"0":1,"1":0},"b":{"0":[1,0],"1":[0,1],"2":[0,1],"3":[0,1]},"_coverageSchema":"1a1c01bbd47fc00a2c39e90264f33305004495a9","hash":"c9bdb2197a1882bd957a35533abdaab5805e5ed2"}
,"D:\\PROGRAMMING\\My Projects\\cv-builder\\src\\components\\Forms\\Input.jsx": {"path":"D:\\PROGRAMMING\\My Projects\\cv-builder\\src\\components\\Forms\\Input.jsx","statementMap":{"0":{"start":{"line":3,"column":14},"end":{"line":26,"column":1}},"1":{"start":{"line":4,"column":21},"end":{"line":4,"column":40}},"2":{"start":{"line":5,"column":23},"end":{"line":5,"column":39}},"3":{"start":{"line":6,"column":2},"end":{"line":25,"column":4}}},"fnMap":{"0":{"name":"(anonymous_0)","decl":{"start":{"line":3,"column":14},"end":{"line":3,"column":15}},"loc":{"start":{"line":3,"column":54},"end":{"line":26,"column":1}},"line":3}},"branchMap":{"0":{"loc":{"start":{"line":9,"column":7},"end":{"line":23,"column":7}},"type":"cond-expr","locations":[{"start":{"line":10,"column":8},"end":{"line":14,"column":10}},{"start":{"line":16,"column":8},"end":{"line":22,"column":10}}],"line":9}},"s":{"0":1,"1":5,"2":5,"3":5},"f":{"0":5},"b":{"0":[0,5]},"_coverageSchema":"1a1c01bbd47fc00a2c39e90264f33305004495a9","hash":"2d6151f20fcf888c7854fc1f8f8dcc2124d38c7c"}
,"D:\\PROGRAMMING\\My Projects\\cv-builder\\src\\components\\Forms\\PersonalForm.jsx": {"path":"D:\\PROGRAMMING\\My Projects\\cv-builder\\src\\components\\Forms\\PersonalForm.jsx","statementMap":{"0":{"start":{"line":3,"column":21},"end":{"line":33,"column":1}},"1":{"start":{"line":4,"column":2},"end":{"line":32,"column":4}}},"fnMap":{"0":{"name":"(anonymous_0)","decl":{"start":{"line":3,"column":21},"end":{"line":3,"column":22}},"loc":{"start":{"line":3,"column":27},"end":{"line":33,"column":1}},"line":3}},"branchMap":{},"s":{"0":1,"1":1},"f":{"0":1},"b":{},"_coverageSchema":"1a1c01bbd47fc00a2c39e90264f33305004495a9","hash":"fa1de815ccb0c159fb7e84ab8cd67fdcebceca4d"}
,"D:\\PROGRAMMING\\My Projects\\cv-builder\\src\\components\\Forms\\Summary.jsx": {"path":"D:\\PROGRAMMING\\My Projects\\cv-builder\\src\\components\\Forms\\Summary.jsx","statementMap":{"0":{"start":{"line":3,"column":16},"end":{"line":14,"column":1}},"1":{"start":{"line":4,"column":2},"end":{"line":13,"column":4}}},"fnMap":{"0":{"name":"(anonymous_0)","decl":{"start":{"line":3,"column":16},"end":{"line":3,"column":17}},"loc":{"start":{"line":3,"column":22},"end":{"line":14,"column":1}},"line":3}},"branchMap":{},"s":{"0":1,"1":0},"f":{"0":0},"b":{},"_coverageSchema":"1a1c01bbd47fc00a2c39e90264f33305004495a9","hash":"c314a228e8631babff64d068a3d2e895558c593f"}
,"D:\\PROGRAMMING\\My Projects\\cv-builder\\src\\components\\Forms\\Work.jsx": {"path":"D:\\PROGRAMMING\\My Projects\\cv-builder\\src\\components\\Forms\\Work.jsx","statementMap":{"0":{"start":{"line":3,"column":13},"end":{"line":30,"column":1}},"1":{"start":{"line":4,"column":2},"end":{"line":29,"column":4}}},"fnMap":{"0":{"name":"(anonymous_0)","decl":{"start":{"line":3,"column":13},"end":{"line":3,"column":14}},"loc":{"start":{"line":3,"column":19},"end":{"line":30,"column":1}},"line":3}},"branchMap":{},"s":{"0":1,"1":0},"f":{"0":0},"b":{},"_coverageSchema":"1a1c01bbd47fc00a2c39e90264f33305004495a9","hash":"7815f2b1f61afee1315c2bf460a518a71695150c"}
,"D:\\PROGRAMMING\\My Projects\\cv-builder\\src\\components\\PDF\\PDF.jsx": {"path":"D:\\PROGRAMMING\\My Projects\\cv-builder\\src\\components\\PDF\\PDF.jsx","statementMap":{"0":{"start":{"line":3,"column":51},"end":{"line":3,"column":54}},"1":{"start":{"line":5,"column":15},"end":{"line":52,"column":2}},"2":{"start":{"line":55,"column":19},"end":{"line":106,"column":1}},"3":{"start":{"line":56,"column":27},"end":{"line":58,"column":3}},"4":{"start":{"line":57,"column":12},"end":{"line":57,"column":48}},"5":{"start":{"line":59,"column":22},"end":{"line":61,"column":3}},"6":{"start":{"line":60,"column":12},"end":{"line":60,"column":42}},"7":{"start":{"line":62,"column":25},"end":{"line":64,"column":3}},"8":{"start":{"line":63,"column":12},"end":{"line":63,"column":44}},"9":{"start":{"line":65,"column":20},"end":{"line":65,"column":77}},"10":{"start":{"line":65,"column":49},"end":{"line":65,"column":76}},"11":{"start":{"line":67,"column":2},"end":{"line":105,"column":4}}},"fnMap":{"0":{"name":"(anonymous_0)","decl":{"start":{"line":55,"column":19},"end":{"line":55,"column":20}},"loc":{"start":{"line":55,"column":42},"end":{"line":106,"column":1}},"line":55},"1":{"name":"(anonymous_1)","decl":{"start":{"line":57,"column":4},"end":{"line":57,"column":5}},"loc":{"start":{"line":57,"column":12},"end":{"line":57,"column":48}},"line":57},"2":{"name":"(anonymous_2)","decl":{"start":{"line":60,"column":4},"end":{"line":60,"column":5}},"loc":{"start":{"line":60,"column":12},"end":{"line":60,"column":42}},"line":60},"3":{"name":"(anonymous_3)","decl":{"start":{"line":63,"column":4},"end":{"line":63,"column":5}},"loc":{"start":{"line":63,"column":12},"end":{"line":63,"column":44}},"line":63},"4":{"name":"(anonymous_4)","decl":{"start":{"line":65,"column":41},"end":{"line":65,"column":42}},"loc":{"start":{"line":65,"column":49},"end":{"line":65,"column":76}},"line":65}},"branchMap":{},"s":{"0":2,"1":2,"2":2,"3":0,"4":0,"5":0,"6":0,"7":0,"8":0,"9":0,"10":0,"11":0},"f":{"0":0,"1":0,"2":0,"3":0,"4":0},"b":{},"_coverageSchema":"1a1c01bbd47fc00a2c39e90264f33305004495a9","hash":"2333f6472607d04fcb964e40acfa6905ed390c05"}
}
