TN:
SF:src\App.jsx
FN:8,App
FNF:1
FNH:1
FNDA:3,App
DA:9,3
LF:1
LH:1
BRF:0
BRH:0
end_of_record
TN:
SF:src\NotFoundPage.jsx
FN:3,(anonymous_0)
FNF:1
FNH:1
FNDA:2,(anonymous_0)
DA:3,1
DA:4,2
LF:2
LH:2
BRF:0
BRH:0
end_of_record
TN:
SF:src\components\EditorContainer.jsx
FN:7,(anonymous_0)
FN:12,(anonymous_1)
FN:16,(anonymous_2)
FN:17,(anonymous_3)
FN:19,(anonymous_4)
FN:20,(anonymous_5)
FNF:6
FNH:1
FNDA:1,(anonymous_0)
FNDA:0,(anonymous_1)
FNDA:0,(anonymous_2)
FNDA:0,(anonymous_3)
FNDA:0,(anonymous_4)
FNDA:0,(anonymous_5)
DA:7,2
DA:8,1
DA:9,1
DA:10,1
DA:12,1
DA:13,0
DA:16,1
DA:17,0
DA:19,1
DA:20,0
DA:21,0
DA:22,0
DA:23,0
DA:27,1
LF:14
LH:8
BRDA:42,0,0,0
BRDA:42,0,1,1
BRF:2
BRH:1
end_of_record
TN:
SF:src\components\SectionItem.jsx
FN:3,(anonymous_0)
FN:4,(anonymous_1)
FNF:2
FNH:1
FNDA:4,(anonymous_0)
FNDA:0,(anonymous_1)
DA:3,2
DA:4,4
DA:5,0
DA:8,4
LF:4
LH:3
BRF:0
BRH:0
end_of_record
TN:
SF:src\components\SectionSelector.jsx
FN:5,(anonymous_0)
FN:12,(anonymous_1)
FNF:2
FNH:2
FNDA:1,(anonymous_0)
FNDA:4,(anonymous_1)
DA:3,2
DA:5,2
DA:6,1
DA:13,4
LF:4
LH:4
BRF:0
BRH:0
end_of_record
TN:
SF:src\components\CVSettings\CVSettings.jsx
FN:3,(anonymous_0)
FN:5,(anonymous_1)
FN:8,(anonymous_2)
FN:11,(anonymous_3)
FN:13,(anonymous_4)
FN:36,(anonymous_5)
FN:50,(anonymous_6)
FNF:7
FNH:1
FNDA:1,(anonymous_0)
FNDA:0,(anonymous_1)
FNDA:0,(anonymous_2)
FNDA:0,(anonymous_3)
FNDA:0,(anonymous_4)
FNDA:0,(anonymous_5)
FNDA:0,(anonymous_6)
DA:3,2
DA:4,1
DA:5,0
DA:7,1
DA:8,0
DA:10,1
DA:11,0
DA:13,1
DA:15,1
DA:37,0
DA:51,0
LF:11
LH:6
BRDA:20,0,0,0
BRDA:20,0,1,1
BRDA:27,1,0,0
BRDA:27,1,1,1
BRDA:32,2,0,1
BRDA:32,2,1,0
BRDA:46,3,0,1
BRDA:46,3,1,0
BRF:8
BRH:4
end_of_record
TN:
SF:src\components\Forms\EditForm.jsx
FN:9,(anonymous_0)
FN:13,(anonymous_1)
FN:14,(anonymous_2)
FN:20,(anonymous_3)
FN:25,(anonymous_4)
FNF:5
FNH:0
FNDA:0,(anonymous_0)
FNDA:0,(anonymous_1)
FNDA:0,(anonymous_2)
FNDA:0,(anonymous_3)
FNDA:0,(anonymous_4)
DA:9,1
DA:10,0
DA:11,0
DA:13,0
DA:14,0
DA:16,0
DA:20,0
DA:21,0
DA:22,0
DA:25,0
DA:26,0
DA:27,0
DA:31,0
LF:13
LH:1
BRDA:36,0,0,0
BRDA:36,0,1,0
BRDA:37,1,0,0
BRDA:37,1,1,0
BRDA:38,2,0,0
BRDA:38,2,1,0
BRDA:39,3,0,0
BRDA:39,3,1,0
BRF:8
BRH:0
end_of_record
TN:
SF:src\components\Forms\Education.jsx
FN:3,(anonymous_0)
FNF:1
FNH:0
FNDA:0,(anonymous_0)
DA:3,1
DA:4,0
LF:2
LH:1
BRF:0
BRH:0
end_of_record
TN:
SF:src\components\Forms\Form.jsx
FN:8,(anonymous_0)
FN:12,(anonymous_1)
FNF:2
FNH:1
FNDA:1,(anonymous_0)
FNDA:0,(anonymous_1)
DA:8,1
DA:9,1
DA:10,1
DA:12,1
DA:13,0
DA:20,0
DA:21,0
DA:23,1
LF:8
LH:5
BRDA:28,0,0,1
BRDA:28,0,1,0
BRDA:29,1,0,0
BRDA:29,1,1,1
BRDA:30,2,0,0
BRDA:30,2,1,1
BRDA:31,3,0,0
BRDA:31,3,1,1
BRF:8
BRH:4
end_of_record
TN:
SF:src\components\Forms\Input.jsx
FN:3,(anonymous_0)
FNF:1
FNH:1
FNDA:5,(anonymous_0)
DA:3,1
DA:4,5
DA:5,5
DA:6,5
LF:4
LH:4
BRDA:9,0,0,0
BRDA:9,0,1,5
BRF:2
BRH:1
end_of_record
TN:
SF:src\components\Forms\PersonalForm.jsx
FN:3,(anonymous_0)
FNF:1
FNH:1
FNDA:1,(anonymous_0)
DA:3,1
DA:4,1
LF:2
LH:2
BRF:0
BRH:0
end_of_record
TN:
SF:src\components\Forms\Summary.jsx
FN:3,(anonymous_0)
FNF:1
FNH:0
FNDA:0,(anonymous_0)
DA:3,1
DA:4,0
LF:2
LH:1
BRF:0
BRH:0
end_of_record
TN:
SF:src\components\Forms\Work.jsx
FN:3,(anonymous_0)
FNF:1
FNH:0
FNDA:0,(anonymous_0)
DA:3,1
DA:4,0
LF:2
LH:1
BRF:0
BRH:0
end_of_record
TN:
SF:src\components\PDF\PDF.jsx
FN:55,(anonymous_0)
FN:57,(anonymous_1)
FN:60,(anonymous_2)
FN:63,(anonymous_3)
FN:65,(anonymous_4)
FNF:5
FNH:0
FNDA:0,(anonymous_0)
FNDA:0,(anonymous_1)
FNDA:0,(anonymous_2)
FNDA:0,(anonymous_3)
FNDA:0,(anonymous_4)
DA:3,2
DA:5,2
DA:55,2
DA:56,0
DA:57,0
DA:59,0
DA:60,0
DA:62,0
DA:63,0
DA:65,0
DA:67,0
LF:11
LH:3
BRF:0
BRH:0
end_of_record
